<?xml version="1.0" encoding="UTF-8"?>
<testsuite xmlns:xsi="http://www.w3.org/2001/XMLSchema-instance" xsi:noNamespaceSchemaLocation="https://maven.apache.org/surefire/maven-surefire-plugin/xsd/surefire-test-report-3.0.xsd" version="3.0" name="god.kaixing.AppTest" time="0.035" tests="1" errors="0" skipped="0" failures="0">
  <properties>
    <property name="awt.toolkit" value="sun.awt.X11.XToolkit"/>
    <property name="java.specification.version" value="11"/>
    <property name="sun.cpu.isalist" value=""/>
    <property name="sun.jnu.encoding" value="UTF-8"/>
    <property name="java.class.path" value="/workspaces/sm4encrypt/sm4encrypt/target/test-classes:/workspaces/sm4encrypt/sm4encrypt/target/classes:/home/codespace/.m2/repository/junit/junit/3.8.1/junit-3.8.1.jar:/home/codespace/.m2/repository/org/bouncycastle/bcprov-jdk15on/1.68/bcprov-jdk15on-1.68.jar:/home/codespace/.m2/repository/org/apache/hive/hive-exec/3.1.2/hive-exec-3.1.2.jar:/home/codespace/.m2/repository/org/apache/hive/hive-vector-code-gen/3.1.2/hive-vector-code-gen-3.1.2.jar:/home/codespace/.m2/repository/commons-lang/commons-lang/2.6/commons-lang-2.6.jar:/home/codespace/.m2/repository/com/google/guava/guava/19.0/guava-19.0.jar:/home/codespace/.m2/repository/org/apache/velocity/velocity/1.5/velocity-1.5.jar:/home/codespace/.m2/repository/oro/oro/2.0.8/oro-2.0.8.jar:/home/codespace/.m2/repository/org/apache/hive/hive-llap-tez/3.1.2/hive-llap-tez-3.1.2.jar:/home/codespace/.m2/repository/org/apache/hive/hive-common/3.1.2/hive-common-3.1.2.jar:/home/codespace/.m2/repository/org/apache/hive/hive-classification/3.1.2/hive-classification-3.1.2.jar:/home/codespace/.m2/repository/org/apache/hive/hive-storage-api/2.7.0/hive-storage-api-2.7.0.jar:/home/codespace/.m2/repository/org/apache/orc/orc-core/1.5.6/orc-core-1.5.6.jar:/home/codespace/.m2/repository/org/apache/orc/orc-shims/1.5.6/orc-shims-1.5.6.jar:/home/codespace/.m2/repository/io/airlift/aircompressor/0.10/aircompressor-0.10.jar:/home/codespace/.m2/repository/org/apache/hadoop/hadoop-hdfs/2.2.0/hadoop-hdfs-2.2.0.jar:/home/codespace/.m2/repository/xmlenc/xmlenc/0.52/xmlenc-0.52.jar:/home/codespace/.m2/repository/javax/servlet/javax.servlet-api/3.1.0/javax.servlet-api-3.1.0.jar:/home/codespace/.m2/repository/org/eclipse/jetty/jetty-http/9.3.20.v20170531/jetty-http-9.3.20.v20170531.jar:/home/codespace/.m2/repository/org/eclipse/jetty/jetty-rewrite/9.3.20.v20170531/jetty-rewrite-9.3.20.v20170531.jar:/home/codespace/.m2/repository/org/eclipse/jetty/jetty-client/9.3.20.v20170531/jetty-client-9.3.20.v20170531.jar:/home/codespace/.m2/repository/org/eclipse/jetty/jetty-server/9.3.20.v20170531/jetty-server-9.3.20.v20170531.jar:/home/codespace/.m2/repository/org/eclipse/jetty/jetty-io/9.3.20.v20170531/jetty-io-9.3.20.v20170531.jar:/home/codespace/.m2/repository/org/eclipse/jetty/jetty-servlet/9.3.20.v20170531/jetty-servlet-9.3.20.v20170531.jar:/home/codespace/.m2/repository/org/eclipse/jetty/jetty-security/9.3.20.v20170531/jetty-security-9.3.20.v20170531.jar:/home/codespace/.m2/repository/org/eclipse/jetty/jetty-webapp/9.3.20.v20170531/jetty-webapp-9.3.20.v20170531.jar:/home/codespace/.m2/repository/org/eclipse/jetty/jetty-xml/9.3.20.v20170531/jetty-xml-9.3.20.v20170531.jar:/home/codespace/.m2/repository/org/apache/logging/log4j/log4j-web/2.10.0/log4j-web-2.10.0.jar:/home/codespace/.m2/repository/net/sf/jpam/jpam/1.1/jpam-1.1.jar:/home/codespace/.m2/repository/com/tdunning/json/1.8/json-1.8.jar:/home/codespace/.m2/repository/io/dropwizard/metrics/metrics-core/3.1.0/metrics-core-3.1.0.jar:/home/codespace/.m2/repository/io/dropwizard/metrics/metrics-jvm/3.1.0/metrics-jvm-3.1.0.jar:/home/codespace/.m2/repository/io/dropwizard/metrics/metrics-json/3.1.0/metrics-json-3.1.0.jar:/home/codespace/.m2/repository/com/github/joshelser/dropwizard-metrics-hadoop-metrics2-reporter/0.1.2/dropwizard-metrics-hadoop-metrics2-reporter-0.1.2.jar:/home/codespace/.m2/repository/javolution/javolution/5.5.1/javolution-5.5.1.jar:/home/codespace/.m2/repository/org/apache/hive/hive-llap-client/3.1.2/hive-llap-client-3.1.2.jar:/home/codespace/.m2/repository/org/apache/hive/hive-llap-common/3.1.2/hive-llap-common-3.1.2.jar:/home/codespace/.m2/repository/org/apache/hive/hive-serde/3.1.2/hive-serde-3.1.2.jar:/home/codespace/.m2/repository/org/apache/hive/hive-service-rpc/3.1.2/hive-service-rpc-3.1.2.jar:/home/codespace/.m2/repository/org/apache/arrow/arrow-vector/0.8.0/arrow-vector-0.8.0.jar:/home/codespace/.m2/repository/org/apache/arrow/arrow-format/0.8.0/arrow-format-0.8.0.jar:/home/codespace/.m2/repository/org/apache/arrow/arrow-memory/0.8.0/arrow-memory-0.8.0.jar:/home/codespace/.m2/repository/io/netty/netty-buffer/4.1.17.Final/netty-buffer-4.1.17.Final.jar:/home/codespace/.m2/repository/io/netty/netty-common/4.1.17.Final/netty-common-4.1.17.Final.jar:/home/codespace/.m2/repository/com/carrotsearch/hppc/0.7.2/hppc-0.7.2.jar:/home/codespace/.m2/repository/com/vlkan/flatbuffers/1.2.0-3f79e055/flatbuffers-1.2.0-3f79e055.jar:/home/codespace/.m2/repository/net/sf/opencsv/opencsv/2.3/opencsv-2.3.jar:/home/codespace/.m2/repository/org/apache/parquet/parquet-hadoop-bundle/1.10.0/parquet-hadoop-bundle-1.10.0.jar:/home/codespace/.m2/repository/org/apache/commons/commons-lang3/3.2/commons-lang3-3.2.jar:/home/codespace/.m2/repository/org/apache/hive/hive-shims/3.1.2/hive-shims-3.1.2.jar:/home/codespace/.m2/repository/org/apache/hive/shims/hive-shims-common/3.1.2/hive-shims-common-3.1.2.jar:/home/codespace/.m2/repository/org/apache/hive/shims/hive-shims-0.23/3.1.2/hive-shims-0.23-3.1.2.jar:/home/codespace/.m2/repository/org/apache/hadoop/hadoop-yarn-server-resourcemanager/3.1.0/hadoop-yarn-server-resourcemanager-3.1.0.jar:/home/codespace/.m2/repository/org/codehaus/jettison/jettison/1.1/jettison-1.1.jar:/home/codespace/.m2/repository/org/eclipse/jetty/jetty-util-ajax/9.3.19.v20170502/jetty-util-ajax-9.3.19.v20170502.jar:/home/codespace/.m2/repository/org/apache/hadoop/hadoop-yarn-server-common/3.1.0/hadoop-yarn-server-common-3.1.0.jar:/home/codespace/.m2/repository/org/apache/geronimo/specs/geronimo-jcache_1.0_spec/1.0-alpha-1/geronimo-jcache_1.0_spec-1.0-alpha-1.jar:/home/codespace/.m2/repository/org/ehcache/ehcache/3.3.1/ehcache-3.3.1.jar:/home/codespace/.m2/repository/com/zaxxer/HikariCP-java7/2.4.12/HikariCP-java7-2.4.12.jar:/home/codespace/.m2/repository/com/microsoft/sqlserver/mssql-jdbc/6.2.1.jre7/mssql-jdbc-6.2.1.jre7.jar:/home/codespace/.m2/repository/org/apache/hadoop/hadoop-yarn-server-applicationhistoryservice/3.1.0/hadoop-yarn-server-applicationhistoryservice-3.1.0.jar:/home/codespace/.m2/repository/de/ruedigermoeller/fst/2.50/fst-2.50.jar:/home/codespace/.m2/repository/com/cedarsoftware/java-util/1.9.0/java-util-1.9.0.jar:/home/codespace/.m2/repository/com/cedarsoftware/json-io/2.5.1/json-io-2.5.1.jar:/home/codespace/.m2/repository/org/apache/hadoop/hadoop-yarn-server-web-proxy/3.1.0/hadoop-yarn-server-web-proxy-3.1.0.jar:/home/codespace/.m2/repository/org/fusesource/leveldbjni/leveldbjni-all/1.8/leveldbjni-all-1.8.jar:/home/codespace/.m2/repository/org/apache/hive/shims/hive-shims-scheduler/3.1.2/hive-shims-scheduler-3.1.2.jar:/home/codespace/.m2/repository/commons-codec/commons-codec/1.7/commons-codec-1.7.jar:/home/codespace/.m2/repository/commons-io/commons-io/2.4/commons-io-2.4.jar:/home/codespace/.m2/repository/org/apache/logging/log4j/log4j-1.2-api/2.10.0/log4j-1.2-api-2.10.0.jar:/home/codespace/.m2/repository/org/apache/logging/log4j/log4j-api/2.10.0/log4j-api-2.10.0.jar:/home/codespace/.m2/repository/org/apache/logging/log4j/log4j-core/2.10.0/log4j-core-2.10.0.jar:/home/codespace/.m2/repository/org/apache/logging/log4j/log4j-slf4j-impl/2.10.0/log4j-slf4j-impl-2.10.0.jar:/home/codespace/.m2/repository/org/antlr/antlr-runtime/3.5.2/antlr-runtime-3.5.2.jar:/home/codespace/.m2/repository/org/antlr/ST4/4.0.4/ST4-4.0.4.jar:/home/codespace/.m2/repository/org/apache/ant/ant/1.9.1/ant-1.9.1.jar:/home/codespace/.m2/repository/org/apache/ant/ant-launcher/1.9.1/ant-launcher-1.9.1.jar:/home/codespace/.m2/repository/org/apache/commons/commons-compress/1.9/commons-compress-1.9.jar:/home/codespace/.m2/repository/org/apache/thrift/libfb303/0.9.3/libfb303-0.9.3.jar:/home/codespace/.m2/repository/org/apache/thrift/libthrift/0.9.3/libthrift-0.9.3.jar:/home/codespace/.m2/repository/org/apache/httpcomponents/httpclient/4.4.1/httpclient-4.4.1.jar:/home/codespace/.m2/repository/org/apache/httpcomponents/httpcore/4.4.1/httpcore-4.4.1.jar:/home/codespace/.m2/repository/org/apache/hadoop/hadoop-yarn-registry/3.1.0/hadoop-yarn-registry-3.1.0.jar:/home/codespace/.m2/repository/org/apache/hadoop/hadoop-auth/3.1.0/hadoop-auth-3.1.0.jar:/home/codespace/.m2/repository/org/slf4j/slf4j-log4j12/1.7.25/slf4j-log4j12-1.7.25.jar:/home/codespace/.m2/repository/com/nimbusds/nimbus-jose-jwt/4.41.1/nimbus-jose-jwt-4.41.1.jar:/home/codespace/.m2/repository/com/github/stephenc/jcip/jcip-annotations/1.0-1/jcip-annotations-1.0-1.jar:/home/codespace/.m2/repository/net/minidev/json-smart/2.3/json-smart-2.3.jar:/home/codespace/.m2/repository/net/minidev/accessors-smart/1.2/accessors-smart-1.2.jar:/home/codespace/.m2/repository/org/ow2/asm/asm/5.0.4/asm-5.0.4.jar:/home/codespace/.m2/repository/org/apache/kerby/kerb-simplekdc/1.0.1/kerb-simplekdc-1.0.1.jar:/home/codespace/.m2/repository/org/apache/kerby/kerb-client/1.0.1/kerb-client-1.0.1.jar:/home/codespace/.m2/repository/org/apache/kerby/kerby-config/1.0.1/kerby-config-1.0.1.jar:/home/codespace/.m2/repository/org/apache/kerby/kerb-core/1.0.1/kerb-core-1.0.1.jar:/home/codespace/.m2/repository/org/apache/kerby/kerby-pkix/1.0.1/kerby-pkix-1.0.1.jar:/home/codespace/.m2/repository/org/apache/kerby/kerby-asn1/1.0.1/kerby-asn1-1.0.1.jar:/home/codespace/.m2/repository/org/apache/kerby/kerby-util/1.0.1/kerby-util-1.0.1.jar:/home/codespace/.m2/repository/org/apache/kerby/kerb-common/1.0.1/kerb-common-1.0.1.jar:/home/codespace/.m2/repository/org/apache/kerby/kerb-crypto/1.0.1/kerb-crypto-1.0.1.jar:/home/codespace/.m2/repository/org/apache/kerby/kerb-util/1.0.1/kerb-util-1.0.1.jar:/home/codespace/.m2/repository/org/apache/kerby/token-provider/1.0.1/token-provider-1.0.1.jar:/home/codespace/.m2/repository/org/apache/kerby/kerb-admin/1.0.1/kerb-admin-1.0.1.jar:/home/codespace/.m2/repository/org/apache/kerby/kerb-server/1.0.1/kerb-server-1.0.1.jar:/home/codespace/.m2/repository/org/apache/kerby/kerb-identity/1.0.1/kerb-identity-1.0.1.jar:/home/codespace/.m2/repository/org/apache/kerby/kerby-xdr/1.0.1/kerby-xdr-1.0.1.jar:/home/codespace/.m2/repository/org/apache/hadoop/hadoop-annotations/3.1.0/hadoop-annotations-3.1.0.jar:/home/codespace/.m2/repository/org/apache/hadoop/hadoop-yarn-api/3.1.0/hadoop-yarn-api-3.1.0.jar:/home/codespace/.m2/repository/commons-logging/commons-logging/1.1.3/commons-logging-1.1.3.jar:/home/codespace/.m2/repository/javax/xml/bind/jaxb-api/2.2.11/jaxb-api-2.2.11.jar:/home/codespace/.m2/repository/com/google/protobuf/protobuf-java/2.5.0/protobuf-java-2.5.0.jar:/home/codespace/.m2/repository/org/apache/hadoop/hadoop-yarn-common/3.1.0/hadoop-yarn-common-3.1.0.jar:/home/codespace/.m2/repository/org/eclipse/jetty/jetty-util/9.3.19.v20170502/jetty-util-9.3.19.v20170502.jar:/home/codespace/.m2/repository/com/sun/jersey/jersey-core/1.19/jersey-core-1.19.jar:/home/codespace/.m2/repository/javax/ws/rs/jsr311-api/1.1.1/jsr311-api-1.1.1.jar:/home/codespace/.m2/repository/com/sun/jersey/jersey-client/1.19/jersey-client-1.19.jar:/home/codespace/.m2/repository/com/google/inject/extensions/guice-servlet/4.0/guice-servlet-4.0.jar:/home/codespace/.m2/repository/com/google/inject/guice/4.0/guice-4.0.jar:/home/codespace/.m2/repository/javax/inject/javax.inject/1/javax.inject-1.jar:/home/codespace/.m2/repository/aopalliance/aopalliance/1.0/aopalliance-1.0.jar:/home/codespace/.m2/repository/com/sun/jersey/jersey-server/1.19/jersey-server-1.19.jar:/home/codespace/.m2/repository/com/sun/jersey/jersey-json/1.19/jersey-json-1.19.jar:/home/codespace/.m2/repository/com/sun/xml/bind/jaxb-impl/2.2.3-1/jaxb-impl-2.2.3-1.jar:/home/codespace/.m2/repository/org/codehaus/jackson/jackson-core-asl/1.9.2/jackson-core-asl-1.9.2.jar:/home/codespace/.m2/repository/org/codehaus/jackson/jackson-mapper-asl/1.9.2/jackson-mapper-asl-1.9.2.jar:/home/codespace/.m2/repository/org/codehaus/jackson/jackson-jaxrs/1.9.2/jackson-jaxrs-1.9.2.jar:/home/codespace/.m2/repository/org/codehaus/jackson/jackson-xc/1.9.2/jackson-xc-1.9.2.jar:/home/codespace/.m2/repository/com/sun/jersey/contribs/jersey-guice/1.19/jersey-guice-1.19.jar:/home/codespace/.m2/repository/com/fasterxml/jackson/module/jackson-module-jaxb-annotations/2.7.8/jackson-module-jaxb-annotations-2.7.8.jar:/home/codespace/.m2/repository/com/fasterxml/jackson/jaxrs/jackson-jaxrs-json-provider/2.7.8/jackson-jaxrs-json-provider-2.7.8.jar:/home/codespace/.m2/repository/com/fasterxml/jackson/jaxrs/jackson-jaxrs-base/2.7.8/jackson-jaxrs-base-2.7.8.jar:/home/codespace/.m2/repository/org/apache/hadoop/hadoop-common/3.1.0/hadoop-common-3.1.0.jar:/home/codespace/.m2/repository/org/apache/commons/commons-math3/3.1.1/commons-math3-3.1.1.jar:/home/codespace/.m2/repository/commons-collections/commons-collections/3.2.2/commons-collections-3.2.2.jar:/home/codespace/.m2/repository/javax/servlet/jsp/jsp-api/2.1/jsp-api-2.1.jar:/home/codespace/.m2/repository/com/sun/jersey/jersey-servlet/1.19/jersey-servlet-1.19.jar:/home/codespace/.m2/repository/commons-beanutils/commons-beanutils/1.9.3/commons-beanutils-1.9.3.jar:/home/codespace/.m2/repository/org/apache/commons/commons-configuration2/2.1.1/commons-configuration2-2.1.1.jar:/home/codespace/.m2/repository/org/apache/avro/avro/1.7.7/avro-1.7.7.jar:/home/codespace/.m2/repository/com/thoughtworks/paranamer/paranamer/2.3/paranamer-2.3.jar:/home/codespace/.m2/repository/org/xerial/snappy/snappy-java/1.0.5/snappy-java-1.0.5.jar:/home/codespace/.m2/repository/com/google/re2j/re2j/1.1/re2j-1.1.jar:/home/codespace/.m2/repository/com/jcraft/jsch/0.1.54/jsch-0.1.54.jar:/home/codespace/.m2/repository/org/apache/htrace/htrace-core4/4.1.0-incubating/htrace-core4-4.1.0-incubating.jar:/home/codespace/.m2/repository/org/codehaus/woodstox/stax2-api/3.1.4/stax2-api-3.1.4.jar:/home/codespace/.m2/repository/com/fasterxml/woodstox/woodstox-core/5.0.3/woodstox-core-5.0.3.jar:/home/codespace/.m2/repository/org/apache/curator/curator-client/2.12.0/curator-client-2.12.0.jar:/home/codespace/.m2/repository/org/apache/curator/curator-recipes/2.12.0/curator-recipes-2.12.0.jar:/home/codespace/.m2/repository/commons-cli/commons-cli/1.2/commons-cli-1.2.jar:/home/codespace/.m2/repository/commons-daemon/commons-daemon/1.0.13/commons-daemon-1.0.13.jar:/home/codespace/.m2/repository/commons-net/commons-net/3.6/commons-net-3.6.jar:/home/codespace/.m2/repository/dnsjava/dnsjava/2.1.7/dnsjava-2.1.7.jar:/home/codespace/.m2/repository/org/apache/ivy/ivy/2.4.0/ivy-2.4.0.jar:/home/codespace/.m2/repository/org/apache/zookeeper/zookeeper/3.4.6/zookeeper-3.4.6.jar:/home/codespace/.m2/repository/log4j/log4j/1.2.16/log4j-1.2.16.jar:/home/codespace/.m2/repository/jline/jline/0.9.94/jline-0.9.94.jar:/home/codespace/.m2/repository/io/netty/netty/3.7.0.Final/netty-3.7.0.Final.jar:/home/codespace/.m2/repository/org/apache/curator/curator-framework/2.12.0/curator-framework-2.12.0.jar:/home/codespace/.m2/repository/org/codehaus/groovy/groovy-all/2.4.11/groovy-all-2.4.11.jar:/home/codespace/.m2/repository/com/fasterxml/jackson/core/jackson-annotations/2.9.5/jackson-annotations-2.9.5.jar:/home/codespace/.m2/repository/com/fasterxml/jackson/core/jackson-core/2.9.5/jackson-core-2.9.5.jar:/home/codespace/.m2/repository/com/fasterxml/jackson/core/jackson-databind/2.9.5/jackson-databind-2.9.5.jar:/home/codespace/.m2/repository/org/datanucleus/datanucleus-core/4.1.17/datanucleus-core-4.1.17.jar:/home/codespace/.m2/repository/org/apache/calcite/calcite-core/1.16.0/calcite-core-1.16.0.jar:/home/codespace/.m2/repository/org/apache/calcite/calcite-linq4j/1.16.0/calcite-linq4j-1.16.0.jar:/home/codespace/.m2/repository/commons-dbcp/commons-dbcp/1.4/commons-dbcp-1.4.jar:/home/codespace/.m2/repository/commons-pool/commons-pool/1.5.4/commons-pool-1.5.4.jar:/home/codespace/.m2/repository/com/esri/geometry/esri-geometry-api/2.0.0/esri-geometry-api-2.0.0.jar:/home/codespace/.m2/repository/com/google/code/findbugs/jsr305/3.0.1/jsr305-3.0.1.jar:/home/codespace/.m2/repository/com/yahoo/datasketches/sketches-core/0.9.0/sketches-core-0.9.0.jar:/home/codespace/.m2/repository/com/yahoo/datasketches/memory/0.9.0/memory-0.9.0.jar:/home/codespace/.m2/repository/org/codehaus/janino/janino/2.7.6/janino-2.7.6.jar:/home/codespace/.m2/repository/org/codehaus/janino/commons-compiler/2.7.6/commons-compiler-2.7.6.jar:/home/codespace/.m2/repository/org/apache/calcite/calcite-druid/1.16.0/calcite-druid-1.16.0.jar:/home/codespace/.m2/repository/joda-time/joda-time/2.8.1/joda-time-2.8.1.jar:/home/codespace/.m2/repository/org/apache/calcite/avatica/avatica/1.11.0/avatica-1.11.0.jar:/home/codespace/.m2/repository/com/google/code/gson/gson/2.2.4/gson-2.2.4.jar:/home/codespace/.m2/repository/stax/stax-api/1.0.1/stax-api-1.0.1.jar:/home/codespace/.m2/repository/org/slf4j/slf4j-api/1.7.10/slf4j-api-1.7.10.jar:/home/codespace/.m2/repository/org/apache/hive/hive-upgrade-acid/3.1.2/hive-upgrade-acid-3.1.2.jar:"/>
    <property name="java.vm.vendor" value="Microsoft"/>
    <property name="sun.arch.data.model" value="64"/>
    <property name="java.vendor.url" value="https://www.microsoft.com"/>
    <property name="user.timezone" value=""/>
    <property name="java.vm.specification.version" value="11"/>
    <property name="os.name" value="Linux"/>
    <property name="sun.java.launcher" value="SUN_STANDARD"/>
    <property name="sun.boot.library.path" value="/opt/java/11.0.14/lib"/>
    <property name="sun.java.command" value="/workspaces/sm4encrypt/sm4encrypt/target/surefire/surefirebooter-20240812112835429_3.jar /workspaces/sm4encrypt/sm4encrypt/target/surefire 2024-08-12T11-28-35_259-jvmRun1 surefire-20240812112835429_1tmp surefire_0-20240812112835429_2tmp"/>
    <property name="jdk.debug" value="release"/>
    <property name="surefire.test.class.path" value="/workspaces/sm4encrypt/sm4encrypt/target/test-classes:/workspaces/sm4encrypt/sm4encrypt/target/classes:/home/codespace/.m2/repository/junit/junit/3.8.1/junit-3.8.1.jar:/home/codespace/.m2/repository/org/bouncycastle/bcprov-jdk15on/1.68/bcprov-jdk15on-1.68.jar:/home/codespace/.m2/repository/org/apache/hive/hive-exec/3.1.2/hive-exec-3.1.2.jar:/home/codespace/.m2/repository/org/apache/hive/hive-vector-code-gen/3.1.2/hive-vector-code-gen-3.1.2.jar:/home/codespace/.m2/repository/commons-lang/commons-lang/2.6/commons-lang-2.6.jar:/home/codespace/.m2/repository/com/google/guava/guava/19.0/guava-19.0.jar:/home/codespace/.m2/repository/org/apache/velocity/velocity/1.5/velocity-1.5.jar:/home/codespace/.m2/repository/oro/oro/2.0.8/oro-2.0.8.jar:/home/codespace/.m2/repository/org/apache/hive/hive-llap-tez/3.1.2/hive-llap-tez-3.1.2.jar:/home/codespace/.m2/repository/org/apache/hive/hive-common/3.1.2/hive-common-3.1.2.jar:/home/codespace/.m2/repository/org/apache/hive/hive-classification/3.1.2/hive-classification-3.1.2.jar:/home/codespace/.m2/repository/org/apache/hive/hive-storage-api/2.7.0/hive-storage-api-2.7.0.jar:/home/codespace/.m2/repository/org/apache/orc/orc-core/1.5.6/orc-core-1.5.6.jar:/home/codespace/.m2/repository/org/apache/orc/orc-shims/1.5.6/orc-shims-1.5.6.jar:/home/codespace/.m2/repository/io/airlift/aircompressor/0.10/aircompressor-0.10.jar:/home/codespace/.m2/repository/org/apache/hadoop/hadoop-hdfs/2.2.0/hadoop-hdfs-2.2.0.jar:/home/codespace/.m2/repository/xmlenc/xmlenc/0.52/xmlenc-0.52.jar:/home/codespace/.m2/repository/javax/servlet/javax.servlet-api/3.1.0/javax.servlet-api-3.1.0.jar:/home/codespace/.m2/repository/org/eclipse/jetty/jetty-http/9.3.20.v20170531/jetty-http-9.3.20.v20170531.jar:/home/codespace/.m2/repository/org/eclipse/jetty/jetty-rewrite/9.3.20.v20170531/jetty-rewrite-9.3.20.v20170531.jar:/home/codespace/.m2/repository/org/eclipse/jetty/jetty-client/9.3.20.v20170531/jetty-client-9.3.20.v20170531.jar:/home/codespace/.m2/repository/org/eclipse/jetty/jetty-server/9.3.20.v20170531/jetty-server-9.3.20.v20170531.jar:/home/codespace/.m2/repository/org/eclipse/jetty/jetty-io/9.3.20.v20170531/jetty-io-9.3.20.v20170531.jar:/home/codespace/.m2/repository/org/eclipse/jetty/jetty-servlet/9.3.20.v20170531/jetty-servlet-9.3.20.v20170531.jar:/home/codespace/.m2/repository/org/eclipse/jetty/jetty-security/9.3.20.v20170531/jetty-security-9.3.20.v20170531.jar:/home/codespace/.m2/repository/org/eclipse/jetty/jetty-webapp/9.3.20.v20170531/jetty-webapp-9.3.20.v20170531.jar:/home/codespace/.m2/repository/org/eclipse/jetty/jetty-xml/9.3.20.v20170531/jetty-xml-9.3.20.v20170531.jar:/home/codespace/.m2/repository/org/apache/logging/log4j/log4j-web/2.10.0/log4j-web-2.10.0.jar:/home/codespace/.m2/repository/net/sf/jpam/jpam/1.1/jpam-1.1.jar:/home/codespace/.m2/repository/com/tdunning/json/1.8/json-1.8.jar:/home/codespace/.m2/repository/io/dropwizard/metrics/metrics-core/3.1.0/metrics-core-3.1.0.jar:/home/codespace/.m2/repository/io/dropwizard/metrics/metrics-jvm/3.1.0/metrics-jvm-3.1.0.jar:/home/codespace/.m2/repository/io/dropwizard/metrics/metrics-json/3.1.0/metrics-json-3.1.0.jar:/home/codespace/.m2/repository/com/github/joshelser/dropwizard-metrics-hadoop-metrics2-reporter/0.1.2/dropwizard-metrics-hadoop-metrics2-reporter-0.1.2.jar:/home/codespace/.m2/repository/javolution/javolution/5.5.1/javolution-5.5.1.jar:/home/codespace/.m2/repository/org/apache/hive/hive-llap-client/3.1.2/hive-llap-client-3.1.2.jar:/home/codespace/.m2/repository/org/apache/hive/hive-llap-common/3.1.2/hive-llap-common-3.1.2.jar:/home/codespace/.m2/repository/org/apache/hive/hive-serde/3.1.2/hive-serde-3.1.2.jar:/home/codespace/.m2/repository/org/apache/hive/hive-service-rpc/3.1.2/hive-service-rpc-3.1.2.jar:/home/codespace/.m2/repository/org/apache/arrow/arrow-vector/0.8.0/arrow-vector-0.8.0.jar:/home/codespace/.m2/repository/org/apache/arrow/arrow-format/0.8.0/arrow-format-0.8.0.jar:/home/codespace/.m2/repository/org/apache/arrow/arrow-memory/0.8.0/arrow-memory-0.8.0.jar:/home/codespace/.m2/repository/io/netty/netty-buffer/4.1.17.Final/netty-buffer-4.1.17.Final.jar:/home/codespace/.m2/repository/io/netty/netty-common/4.1.17.Final/netty-common-4.1.17.Final.jar:/home/codespace/.m2/repository/com/carrotsearch/hppc/0.7.2/hppc-0.7.2.jar:/home/codespace/.m2/repository/com/vlkan/flatbuffers/1.2.0-3f79e055/flatbuffers-1.2.0-3f79e055.jar:/home/codespace/.m2/repository/net/sf/opencsv/opencsv/2.3/opencsv-2.3.jar:/home/codespace/.m2/repository/org/apache/parquet/parquet-hadoop-bundle/1.10.0/parquet-hadoop-bundle-1.10.0.jar:/home/codespace/.m2/repository/org/apache/commons/commons-lang3/3.2/commons-lang3-3.2.jar:/home/codespace/.m2/repository/org/apache/hive/hive-shims/3.1.2/hive-shims-3.1.2.jar:/home/codespace/.m2/repository/org/apache/hive/shims/hive-shims-common/3.1.2/hive-shims-common-3.1.2.jar:/home/codespace/.m2/repository/org/apache/hive/shims/hive-shims-0.23/3.1.2/hive-shims-0.23-3.1.2.jar:/home/codespace/.m2/repository/org/apache/hadoop/hadoop-yarn-server-resourcemanager/3.1.0/hadoop-yarn-server-resourcemanager-3.1.0.jar:/home/codespace/.m2/repository/org/codehaus/jettison/jettison/1.1/jettison-1.1.jar:/home/codespace/.m2/repository/org/eclipse/jetty/jetty-util-ajax/9.3.19.v20170502/jetty-util-ajax-9.3.19.v20170502.jar:/home/codespace/.m2/repository/org/apache/hadoop/hadoop-yarn-server-common/3.1.0/hadoop-yarn-server-common-3.1.0.jar:/home/codespace/.m2/repository/org/apache/geronimo/specs/geronimo-jcache_1.0_spec/1.0-alpha-1/geronimo-jcache_1.0_spec-1.0-alpha-1.jar:/home/codespace/.m2/repository/org/ehcache/ehcache/3.3.1/ehcache-3.3.1.jar:/home/codespace/.m2/repository/com/zaxxer/HikariCP-java7/2.4.12/HikariCP-java7-2.4.12.jar:/home/codespace/.m2/repository/com/microsoft/sqlserver/mssql-jdbc/6.2.1.jre7/mssql-jdbc-6.2.1.jre7.jar:/home/codespace/.m2/repository/org/apache/hadoop/hadoop-yarn-server-applicationhistoryservice/3.1.0/hadoop-yarn-server-applicationhistoryservice-3.1.0.jar:/home/codespace/.m2/repository/de/ruedigermoeller/fst/2.50/fst-2.50.jar:/home/codespace/.m2/repository/com/cedarsoftware/java-util/1.9.0/java-util-1.9.0.jar:/home/codespace/.m2/repository/com/cedarsoftware/json-io/2.5.1/json-io-2.5.1.jar:/home/codespace/.m2/repository/org/apache/hadoop/hadoop-yarn-server-web-proxy/3.1.0/hadoop-yarn-server-web-proxy-3.1.0.jar:/home/codespace/.m2/repository/org/fusesource/leveldbjni/leveldbjni-all/1.8/leveldbjni-all-1.8.jar:/home/codespace/.m2/repository/org/apache/hive/shims/hive-shims-scheduler/3.1.2/hive-shims-scheduler-3.1.2.jar:/home/codespace/.m2/repository/commons-codec/commons-codec/1.7/commons-codec-1.7.jar:/home/codespace/.m2/repository/commons-io/commons-io/2.4/commons-io-2.4.jar:/home/codespace/.m2/repository/org/apache/logging/log4j/log4j-1.2-api/2.10.0/log4j-1.2-api-2.10.0.jar:/home/codespace/.m2/repository/org/apache/logging/log4j/log4j-api/2.10.0/log4j-api-2.10.0.jar:/home/codespace/.m2/repository/org/apache/logging/log4j/log4j-core/2.10.0/log4j-core-2.10.0.jar:/home/codespace/.m2/repository/org/apache/logging/log4j/log4j-slf4j-impl/2.10.0/log4j-slf4j-impl-2.10.0.jar:/home/codespace/.m2/repository/org/antlr/antlr-runtime/3.5.2/antlr-runtime-3.5.2.jar:/home/codespace/.m2/repository/org/antlr/ST4/4.0.4/ST4-4.0.4.jar:/home/codespace/.m2/repository/org/apache/ant/ant/1.9.1/ant-1.9.1.jar:/home/codespace/.m2/repository/org/apache/ant/ant-launcher/1.9.1/ant-launcher-1.9.1.jar:/home/codespace/.m2/repository/org/apache/commons/commons-compress/1.9/commons-compress-1.9.jar:/home/codespace/.m2/repository/org/apache/thrift/libfb303/0.9.3/libfb303-0.9.3.jar:/home/codespace/.m2/repository/org/apache/thrift/libthrift/0.9.3/libthrift-0.9.3.jar:/home/codespace/.m2/repository/org/apache/httpcomponents/httpclient/4.4.1/httpclient-4.4.1.jar:/home/codespace/.m2/repository/org/apache/httpcomponents/httpcore/4.4.1/httpcore-4.4.1.jar:/home/codespace/.m2/repository/org/apache/hadoop/hadoop-yarn-registry/3.1.0/hadoop-yarn-registry-3.1.0.jar:/home/codespace/.m2/repository/org/apache/hadoop/hadoop-auth/3.1.0/hadoop-auth-3.1.0.jar:/home/codespace/.m2/repository/org/slf4j/slf4j-log4j12/1.7.25/slf4j-log4j12-1.7.25.jar:/home/codespace/.m2/repository/com/nimbusds/nimbus-jose-jwt/4.41.1/nimbus-jose-jwt-4.41.1.jar:/home/codespace/.m2/repository/com/github/stephenc/jcip/jcip-annotations/1.0-1/jcip-annotations-1.0-1.jar:/home/codespace/.m2/repository/net/minidev/json-smart/2.3/json-smart-2.3.jar:/home/codespace/.m2/repository/net/minidev/accessors-smart/1.2/accessors-smart-1.2.jar:/home/codespace/.m2/repository/org/ow2/asm/asm/5.0.4/asm-5.0.4.jar:/home/codespace/.m2/repository/org/apache/kerby/kerb-simplekdc/1.0.1/kerb-simplekdc-1.0.1.jar:/home/codespace/.m2/repository/org/apache/kerby/kerb-client/1.0.1/kerb-client-1.0.1.jar:/home/codespace/.m2/repository/org/apache/kerby/kerby-config/1.0.1/kerby-config-1.0.1.jar:/home/codespace/.m2/repository/org/apache/kerby/kerb-core/1.0.1/kerb-core-1.0.1.jar:/home/codespace/.m2/repository/org/apache/kerby/kerby-pkix/1.0.1/kerby-pkix-1.0.1.jar:/home/codespace/.m2/repository/org/apache/kerby/kerby-asn1/1.0.1/kerby-asn1-1.0.1.jar:/home/codespace/.m2/repository/org/apache/kerby/kerby-util/1.0.1/kerby-util-1.0.1.jar:/home/codespace/.m2/repository/org/apache/kerby/kerb-common/1.0.1/kerb-common-1.0.1.jar:/home/codespace/.m2/repository/org/apache/kerby/kerb-crypto/1.0.1/kerb-crypto-1.0.1.jar:/home/codespace/.m2/repository/org/apache/kerby/kerb-util/1.0.1/kerb-util-1.0.1.jar:/home/codespace/.m2/repository/org/apache/kerby/token-provider/1.0.1/token-provider-1.0.1.jar:/home/codespace/.m2/repository/org/apache/kerby/kerb-admin/1.0.1/kerb-admin-1.0.1.jar:/home/codespace/.m2/repository/org/apache/kerby/kerb-server/1.0.1/kerb-server-1.0.1.jar:/home/codespace/.m2/repository/org/apache/kerby/kerb-identity/1.0.1/kerb-identity-1.0.1.jar:/home/codespace/.m2/repository/org/apache/kerby/kerby-xdr/1.0.1/kerby-xdr-1.0.1.jar:/home/codespace/.m2/repository/org/apache/hadoop/hadoop-annotations/3.1.0/hadoop-annotations-3.1.0.jar:/home/codespace/.m2/repository/org/apache/hadoop/hadoop-yarn-api/3.1.0/hadoop-yarn-api-3.1.0.jar:/home/codespace/.m2/repository/commons-logging/commons-logging/1.1.3/commons-logging-1.1.3.jar:/home/codespace/.m2/repository/javax/xml/bind/jaxb-api/2.2.11/jaxb-api-2.2.11.jar:/home/codespace/.m2/repository/com/google/protobuf/protobuf-java/2.5.0/protobuf-java-2.5.0.jar:/home/codespace/.m2/repository/org/apache/hadoop/hadoop-yarn-common/3.1.0/hadoop-yarn-common-3.1.0.jar:/home/codespace/.m2/repository/org/eclipse/jetty/jetty-util/9.3.19.v20170502/jetty-util-9.3.19.v20170502.jar:/home/codespace/.m2/repository/com/sun/jersey/jersey-core/1.19/jersey-core-1.19.jar:/home/codespace/.m2/repository/javax/ws/rs/jsr311-api/1.1.1/jsr311-api-1.1.1.jar:/home/codespace/.m2/repository/com/sun/jersey/jersey-client/1.19/jersey-client-1.19.jar:/home/codespace/.m2/repository/com/google/inject/extensions/guice-servlet/4.0/guice-servlet-4.0.jar:/home/codespace/.m2/repository/com/google/inject/guice/4.0/guice-4.0.jar:/home/codespace/.m2/repository/javax/inject/javax.inject/1/javax.inject-1.jar:/home/codespace/.m2/repository/aopalliance/aopalliance/1.0/aopalliance-1.0.jar:/home/codespace/.m2/repository/com/sun/jersey/jersey-server/1.19/jersey-server-1.19.jar:/home/codespace/.m2/repository/com/sun/jersey/jersey-json/1.19/jersey-json-1.19.jar:/home/codespace/.m2/repository/com/sun/xml/bind/jaxb-impl/2.2.3-1/jaxb-impl-2.2.3-1.jar:/home/codespace/.m2/repository/org/codehaus/jackson/jackson-core-asl/1.9.2/jackson-core-asl-1.9.2.jar:/home/codespace/.m2/repository/org/codehaus/jackson/jackson-mapper-asl/1.9.2/jackson-mapper-asl-1.9.2.jar:/home/codespace/.m2/repository/org/codehaus/jackson/jackson-jaxrs/1.9.2/jackson-jaxrs-1.9.2.jar:/home/codespace/.m2/repository/org/codehaus/jackson/jackson-xc/1.9.2/jackson-xc-1.9.2.jar:/home/codespace/.m2/repository/com/sun/jersey/contribs/jersey-guice/1.19/jersey-guice-1.19.jar:/home/codespace/.m2/repository/com/fasterxml/jackson/module/jackson-module-jaxb-annotations/2.7.8/jackson-module-jaxb-annotations-2.7.8.jar:/home/codespace/.m2/repository/com/fasterxml/jackson/jaxrs/jackson-jaxrs-json-provider/2.7.8/jackson-jaxrs-json-provider-2.7.8.jar:/home/codespace/.m2/repository/com/fasterxml/jackson/jaxrs/jackson-jaxrs-base/2.7.8/jackson-jaxrs-base-2.7.8.jar:/home/codespace/.m2/repository/org/apache/hadoop/hadoop-common/3.1.0/hadoop-common-3.1.0.jar:/home/codespace/.m2/repository/org/apache/commons/commons-math3/3.1.1/commons-math3-3.1.1.jar:/home/codespace/.m2/repository/commons-collections/commons-collections/3.2.2/commons-collections-3.2.2.jar:/home/codespace/.m2/repository/javax/servlet/jsp/jsp-api/2.1/jsp-api-2.1.jar:/home/codespace/.m2/repository/com/sun/jersey/jersey-servlet/1.19/jersey-servlet-1.19.jar:/home/codespace/.m2/repository/commons-beanutils/commons-beanutils/1.9.3/commons-beanutils-1.9.3.jar:/home/codespace/.m2/repository/org/apache/commons/commons-configuration2/2.1.1/commons-configuration2-2.1.1.jar:/home/codespace/.m2/repository/org/apache/avro/avro/1.7.7/avro-1.7.7.jar:/home/codespace/.m2/repository/com/thoughtworks/paranamer/paranamer/2.3/paranamer-2.3.jar:/home/codespace/.m2/repository/org/xerial/snappy/snappy-java/1.0.5/snappy-java-1.0.5.jar:/home/codespace/.m2/repository/com/google/re2j/re2j/1.1/re2j-1.1.jar:/home/codespace/.m2/repository/com/jcraft/jsch/0.1.54/jsch-0.1.54.jar:/home/codespace/.m2/repository/org/apache/htrace/htrace-core4/4.1.0-incubating/htrace-core4-4.1.0-incubating.jar:/home/codespace/.m2/repository/org/codehaus/woodstox/stax2-api/3.1.4/stax2-api-3.1.4.jar:/home/codespace/.m2/repository/com/fasterxml/woodstox/woodstox-core/5.0.3/woodstox-core-5.0.3.jar:/home/codespace/.m2/repository/org/apache/curator/curator-client/2.12.0/curator-client-2.12.0.jar:/home/codespace/.m2/repository/org/apache/curator/curator-recipes/2.12.0/curator-recipes-2.12.0.jar:/home/codespace/.m2/repository/commons-cli/commons-cli/1.2/commons-cli-1.2.jar:/home/codespace/.m2/repository/commons-daemon/commons-daemon/1.0.13/commons-daemon-1.0.13.jar:/home/codespace/.m2/repository/commons-net/commons-net/3.6/commons-net-3.6.jar:/home/codespace/.m2/repository/dnsjava/dnsjava/2.1.7/dnsjava-2.1.7.jar:/home/codespace/.m2/repository/org/apache/ivy/ivy/2.4.0/ivy-2.4.0.jar:/home/codespace/.m2/repository/org/apache/zookeeper/zookeeper/3.4.6/zookeeper-3.4.6.jar:/home/codespace/.m2/repository/log4j/log4j/1.2.16/log4j-1.2.16.jar:/home/codespace/.m2/repository/jline/jline/0.9.94/jline-0.9.94.jar:/home/codespace/.m2/repository/io/netty/netty/3.7.0.Final/netty-3.7.0.Final.jar:/home/codespace/.m2/repository/org/apache/curator/curator-framework/2.12.0/curator-framework-2.12.0.jar:/home/codespace/.m2/repository/org/codehaus/groovy/groovy-all/2.4.11/groovy-all-2.4.11.jar:/home/codespace/.m2/repository/com/fasterxml/jackson/core/jackson-annotations/2.9.5/jackson-annotations-2.9.5.jar:/home/codespace/.m2/repository/com/fasterxml/jackson/core/jackson-core/2.9.5/jackson-core-2.9.5.jar:/home/codespace/.m2/repository/com/fasterxml/jackson/core/jackson-databind/2.9.5/jackson-databind-2.9.5.jar:/home/codespace/.m2/repository/org/datanucleus/datanucleus-core/4.1.17/datanucleus-core-4.1.17.jar:/home/codespace/.m2/repository/org/apache/calcite/calcite-core/1.16.0/calcite-core-1.16.0.jar:/home/codespace/.m2/repository/org/apache/calcite/calcite-linq4j/1.16.0/calcite-linq4j-1.16.0.jar:/home/codespace/.m2/repository/commons-dbcp/commons-dbcp/1.4/commons-dbcp-1.4.jar:/home/codespace/.m2/repository/commons-pool/commons-pool/1.5.4/commons-pool-1.5.4.jar:/home/codespace/.m2/repository/com/esri/geometry/esri-geometry-api/2.0.0/esri-geometry-api-2.0.0.jar:/home/codespace/.m2/repository/com/google/code/findbugs/jsr305/3.0.1/jsr305-3.0.1.jar:/home/codespace/.m2/repository/com/yahoo/datasketches/sketches-core/0.9.0/sketches-core-0.9.0.jar:/home/codespace/.m2/repository/com/yahoo/datasketches/memory/0.9.0/memory-0.9.0.jar:/home/codespace/.m2/repository/org/codehaus/janino/janino/2.7.6/janino-2.7.6.jar:/home/codespace/.m2/repository/org/codehaus/janino/commons-compiler/2.7.6/commons-compiler-2.7.6.jar:/home/codespace/.m2/repository/org/apache/calcite/calcite-druid/1.16.0/calcite-druid-1.16.0.jar:/home/codespace/.m2/repository/joda-time/joda-time/2.8.1/joda-time-2.8.1.jar:/home/codespace/.m2/repository/org/apache/calcite/avatica/avatica/1.11.0/avatica-1.11.0.jar:/home/codespace/.m2/repository/com/google/code/gson/gson/2.2.4/gson-2.2.4.jar:/home/codespace/.m2/repository/stax/stax-api/1.0.1/stax-api-1.0.1.jar:/home/codespace/.m2/repository/org/slf4j/slf4j-api/1.7.10/slf4j-api-1.7.10.jar:/home/codespace/.m2/repository/org/apache/hive/hive-upgrade-acid/3.1.2/hive-upgrade-acid-3.1.2.jar:"/>
    <property name="sun.cpu.endian" value="little"/>
    <property name="user.home" value="/home/codespace"/>
    <property name="user.language" value="en"/>
    <property name="java.specification.vendor" value="Oracle Corporation"/>
    <property name="java.version.date" value="2022-02-08"/>
    <property name="java.home" value="/opt/java/11.0.14"/>
    <property name="file.separator" value="/"/>
    <property name="basedir" value="/workspaces/sm4encrypt/sm4encrypt"/>
    <property name="java.vm.compressedOopsMode" value="32-bit"/>
    <property name="line.separator" value="&#10;"/>
    <property name="java.specification.name" value="Java Platform API Specification"/>
    <property name="java.vm.specification.vendor" value="Oracle Corporation"/>
    <property name="java.awt.graphicsenv" value="sun.awt.X11GraphicsEnvironment"/>
    <property name="surefire.real.class.path" value="/workspaces/sm4encrypt/sm4encrypt/target/surefire/surefirebooter-20240812112835429_3.jar"/>
    <property name="sun.management.compiler" value="HotSpot 64-Bit Tiered Compilers"/>
    <property name="java.runtime.version" value="11.0.14.1+1-LTS"/>
    <property name="user.name" value="codespace"/>
    <property name="path.separator" value=":"/>
    <property name="os.version" value="6.5.0-1022-azure"/>
    <property name="java.runtime.name" value="OpenJDK Runtime Environment"/>
    <property name="file.encoding" value="UTF-8"/>
    <property name="java.vm.name" value="OpenJDK 64-Bit Server VM"/>
    <property name="java.vendor.version" value="Microsoft-31205"/>
    <property name="localRepository" value="/home/codespace/.m2/repository"/>
    <property name="java.vendor.url.bug" value="https://github.com/microsoft/openjdk/issues"/>
    <property name="java.io.tmpdir" value="/tmp"/>
    <property name="java.version" value="11.0.14.1"/>
    <property name="user.dir" value="/workspaces/sm4encrypt/sm4encrypt"/>
    <property name="os.arch" value="amd64"/>
    <property name="java.vm.specification.name" value="Java Virtual Machine Specification"/>
    <property name="java.awt.printerjob" value="sun.print.PSPrinterJob"/>
    <property name="sun.os.patch.level" value="unknown"/>
    <property name="java.library.path" value="/usr/java/packages/lib:/usr/lib64:/lib64:/lib:/usr/lib"/>
    <property name="java.vm.info" value="mixed mode"/>
    <property name="java.vendor" value="Microsoft"/>
    <property name="java.vm.version" value="11.0.14.1+1-LTS"/>
    <property name="sun.io.unicode.encoding" value="UnicodeLittle"/>
    <property name="java.class.version" value="55.0"/>
  </properties>
  <testcase name="testApp" classname="god.kaixing.AppTest" time="0.003"/>
</testsuite>